<?xml version="1.0" encoding="UTF-8"?>
<testng-results ignored="0" total="1" passed="1" failed="0" skipped="0">
  <reporter-output>
  </reporter-output>
  <suite started-at="2021-09-12T14:51:35Z" name="Default suite" finished-at="2021-09-12T14:51:46Z" duration-ms="11342">
    <groups>
    </groups>
    <test started-at="2021-09-12T14:51:35Z" name="Default test" finished-at="2021-09-12T14:51:46Z" duration-ms="11342">
      <class name="com.ms.testcases.LoginTestcase">
        <test-method is-config="true" signature="startbr()[pri:0, instance:com.ms.testcases.LoginTestcase@df6620a]" started-at="2021-09-12T22:51:35Z" name="startbr" finished-at="2021-09-12T22:51:42Z" duration-ms="7615" status="PASS">
          <reporter-output>
          </reporter-output>
        </test-method> <!-- startbr -->
        <test-method signature="logininapplcation()[pri:0, instance:com.ms.testcases.LoginTestcase@df6620a]" started-at="2021-09-12T22:51:42Z" name="logininapplcation" finished-at="2021-09-12T22:51:46Z" duration-ms="3587" status="PASS">
          <reporter-output>
          </reporter-output>
        </test-method> <!-- logininapplcation -->
        <test-method is-config="true" signature="closebrowser()[pri:0, instance:com.ms.testcases.LoginTestcase@df6620a]" started-at="2021-09-12T22:51:46Z" name="closebrowser" finished-at="2021-09-12T22:51:46Z" duration-ms="125" status="PASS">
          <reporter-output>
          </reporter-output>
        </test-method> <!-- closebrowser -->
      </class> <!-- com.ms.testcases.LoginTestcase -->
    </test> <!-- Default test -->
  </suite> <!-- Default suite -->
</testng-results>
